<?xml version="1.0" encoding="UTF-8"?>
<!-- Generated by org.testng.reporters.JUnitReportReporter -->
<testsuite skipped="0" hostname="DESKTOP-O0R880F" name="testcases.TC06_ComplexTwo" tests="1" failures="0" timestamp="2023-01-18T02:27:45 AST" time="16.836" errors="0">
  <testcase name="ComplexTwo" time="16.836" classname="testcases.TC06_ComplexTwo"/>
  <system-out/>
</testsuite> <!-- testcases.TC06_ComplexTwo -->
