<?xml version="1.0" encoding="UTF-8"?>
<!-- Generated by org.testng.reporters.JUnitReportReporter -->
<testsuite skipped="0" hostname="DESKTOP-O0R880F" name="testcases.TC03_CheckDivision" tests="1" failures="0" timestamp="2023-01-18T20:09:57 AST" time="4.535" errors="0">
  <testcase name="CheckDivision" time="4.535" classname="testcases.TC03_CheckDivision"/>
  <system-out/>
</testsuite> <!-- testcases.TC03_CheckDivision -->
