<?xml version="1.0" encoding="UTF-8"?>
<!-- Generated by org.testng.reporters.JUnitReportReporter -->
<testsuite skipped="0" hostname="DESKTOP-O0R880F" name="testcases.TC04_CheckMulti" tests="1" failures="0" timestamp="2023-01-18T02:27:45 AST" time="4.804" errors="0">
  <testcase name="CheckMuliti" time="4.804" classname="testcases.TC04_CheckMulti"/>
  <system-out/>
</testsuite> <!-- testcases.TC04_CheckMulti -->
