<?xml version="1.0" encoding="UTF-8"?>
<!-- Generated by org.testng.reporters.JUnitReportReporter -->
<testsuite skipped="0" hostname="DESKTOP-O0R880F" name="testcases.TC02_CheckDifferent" tests="1" failures="0" timestamp="2023-01-18T02:27:45 AST" time="4.588" errors="0">
  <testcase name="CheckDifferent" time="4.588" classname="testcases.TC02_CheckDifferent"/>
  <system-out/>
</testsuite> <!-- testcases.TC02_CheckDifferent -->
