<?xml version="1.0" encoding="UTF-8"?>
<!-- Generated by org.testng.reporters.JUnitReportReporter -->
<testsuite skipped="0" hostname="DESKTOP-O0R880F" name="testcases.TC01_Checksum" tests="1" failures="0" timestamp="2023-01-18T20:09:57 AST" time="5.075" errors="0">
  <testcase name="checksum" time="5.075" classname="testcases.TC01_Checksum"/>
  <system-out/>
</testsuite> <!-- testcases.TC01_Checksum -->
