<?xml version="1.0" encoding="UTF-8"?>
<!-- Generated by org.testng.reporters.JUnitReportReporter -->
<testsuite skipped="0" hostname="DESKTOP-O0R880F" name="testcases.TC05_ComplexMath" tests="1" failures="0" timestamp="2023-01-18T20:09:57 AST" time="20.501" errors="0">
  <testcase name="Complex" time="20.501" classname="testcases.TC05_ComplexMath"/>
  <system-out/>
</testsuite> <!-- testcases.TC05_ComplexMath -->
